<?xml version="1.0" encoding="utf-8"?><testsuites name="pytest tests"><testsuite name="pytest" errors="0" failures="0" skipped="0" tests="16" time="9.349" timestamp="2026-07-28T10:38:44.570267+00:00" hostname="agent-env-efd84d23-3485-4d16-871a-e83d97dd9ebf"><testcase classname="tests.test_gateway_toggles_onesspay.TestGatewayIntegration" name="test_get_returns_three_configured_and_all_on" time="1.308" /><testcase classname="tests.test_gateway_toggles_onesspay.TestGatewayIntegration" name="test_put_partial_update_only_touches_specified" time="0.156" /><testcase classname="tests.test_gateway_toggles_onesspay.TestGatewayIntegration" name="test_shpay_status_disabled_when_toggle_off" time="1.369" /><testcase classname="tests.test_gateway_toggles_onesspay.TestGatewayIntegration" name="test_paynow_banks_disabled_when_toggle_off" time="0.156" /><testcase classname="tests.test_gateway_toggles_onesspay.TestGatewayIntegration" name="test_onesspay_status_disabled_when_toggle_off" time="0.196" /><testcase classname="tests.test_gateway_toggles_onesspay.TestGatewayIntegration" name="test_deposit_shpay_auto_400_when_disabled" time="0.156" /><testcase classname="tests.test_gateway_toggles_onesspay.TestGatewayIntegration" name="test_shpay_payout_400_when_disabled" time="0.171" /><testcase classname="tests.test_gateway_toggles_onesspay.TestGatewayIntegration" name="test_onesspay_payout_400_when_disabled" time="0.197" /><testcase classname="tests.test_gateway_toggles_onesspay.TestGatewayIntegration" name="test_onesspay_status_gateway_not_ready" time="1.144" /><testcase classname="tests.test_gateway_toggles_onesspay.TestGatewayIntegration" name="test_onesspay_banks_list" time="0.049" /><testcase classname="tests.test_gateway_toggles_onesspay.TestGatewayIntegration" name="test_admin_onesspay_health" time="1.167" /><testcase classname="tests.test_gateway_toggles_onesspay.TestGatewayIntegration" name="test_deposit_onesspay_auto_graceful_failure" time="1.139" /><testcase classname="tests.test_gateway_toggles_onesspay.TestGatewayIntegration" name="test_webhook_signature_invalid_returns_plaintext" time="0.114" /><testcase classname="tests.test_gateway_toggles_onesspay.TestGatewayIntegration" name="test_webhook_signature_valid_unknown_order_returns_success" time="0.099" /><testcase classname="tests.test_gateway_toggles_onesspay.TestGatewayIntegration" name="test_webhook_tampered_amount_returns_signature_invalid" time="0.126" /><testcase classname="tests.test_gateway_toggles_onesspay.TestGatewayIntegration" name="test_shpay_status_after_restore" time="1.048" /></testsuite></testsuites>