<?xml version="1.0" encoding="utf-8"?><testsuites name="pytest tests"><testsuite name="pytest" errors="0" failures="0" skipped="0" tests="9" time="8.131" timestamp="2026-08-04T13:29:02.435001+00:00" hostname="agent-env-143dfa90-6e7d-4fbc-a3ed-74f9ee0c779a"><testcase classname="tests.test_referral_rewards" name="test_health" time="0.339" /><testcase classname="tests.test_referral_rewards" name="test_public_settings_exposes_new_fields" time="0.241" /><testcase classname="tests.test_referral_rewards" name="test_products_endpoint" time="1.111" /><testcase classname="tests.test_referral_rewards" name="test_admin_settings_has_new_fields" time="0.731" /><testcase classname="tests.test_referral_rewards" name="test_admin_can_update_channel_urls_and_levels" time="1.387" /><testcase classname="tests.test_referral_rewards" name="test_referrals_rewards_shape" time="0.401" /><testcase classname="tests.test_referral_rewards" name="test_claim_unknown_level_returns_404" time="0.287" /><testcase classname="tests.test_referral_rewards" name="test_claim_under_threshold_returns_400" time="0.398" /><testcase classname="tests.test_referral_rewards" name="test_claim_ignite_flow" time="2.694" /></testsuite></testsuites>