<?xml version="1.0" encoding="utf-8"?><testsuites name="pytest tests"><testsuite name="pytest" errors="0" failures="0" skipped="0" tests="8" time="8.552" timestamp="2026-08-04T14:31:56.768036+00:00" hostname="agent-env-143dfa90-6e7d-4fbc-a3ed-74f9ee0c779a"><testcase classname="tests.test_welcome_bonus_display" name="test_settings_public_has_welcome_bonus" time="0.283" /><testcase classname="tests.test_welcome_bonus_display" name="test_register_returns_welcome_bonus_credited" time="2.524" /><testcase classname="tests.test_welcome_bonus_display" name="test_admin_change_bonus_reflects_in_register" time="3.040" /><testcase classname="tests.test_welcome_bonus_display" name="test_health_regression" time="0.120" /><testcase classname="tests.test_welcome_bonus_display" name="test_login_regression" time="0.451" /><testcase classname="tests.test_welcome_bonus_display" name="test_products_regression" time="0.997" /><testcase classname="tests.test_welcome_bonus_display" name="test_admin_deposits_regression" time="0.421" /><testcase classname="tests.test_welcome_bonus_display" name="test_server_ip_deterministic" time="0.199" /></testsuite></testsuites>