<?xml version="1.0" encoding="utf-8"?><testsuites name="pytest tests"><testsuite name="pytest" errors="0" failures="0" skipped="0" tests="7" time="12.400" timestamp="2026-08-04T15:27:38.096601+00:00" hostname="agent-env-143dfa90-6e7d-4fbc-a3ed-74f9ee0c779a"><testcase classname="tests.test_daily_coupon_and_withdrawal_window" name="test_health" time="0.336" /><testcase classname="tests.test_daily_coupon_and_withdrawal_window" name="test_reset_last_generated_and_generate_now" time="2.006" /><testcase classname="tests.test_daily_coupon_and_withdrawal_window" name="test_user_daily_coupon_and_redeem" time="3.905" /><testcase classname="tests.test_daily_coupon_and_withdrawal_window" name="test_withdrawal_window_default_open" time="0.818" /><testcase classname="tests.test_daily_coupon_and_withdrawal_window" name="test_withdrawal_blocked_when_closed" time="2.052" /><testcase classname="tests.test_daily_coupon_and_withdrawal_window" name="test_admin_settings_persistence" time="1.077" /><testcase classname="tests.test_daily_coupon_and_withdrawal_window" name="test_regression_endpoints" time="1.649" /></testsuite></testsuites>