<?xml version="1.0" encoding="utf-8"?><testsuites name="pytest tests"><testsuite name="pytest" errors="0" failures="2" skipped="1" tests="27" time="31.665" timestamp="2026-08-04T13:44:19.975391+00:00" hostname="agent-env-143dfa90-6e7d-4fbc-a3ed-74f9ee0c779a"><testcase classname="tests.test_health_regression" name="test_health_endpoint" time="0.424"><failure message="AssertionError: assert 'luckycartbox-api' == 'naijainvest-api'&#10;  &#10;  - naijainvest-api&#10;  + luckycartbox-api">backend/tests/test_health_regression.py:31: in test_health_endpoint
    assert j.get("service") == "naijainvest-api"
E   AssertionError: assert 'luckycartbox-api' == 'naijainvest-api'
E     
E     - naijainvest-api
E     + luckycartbox-api</failure></testcase><testcase classname="tests.test_referral_rewards" name="test_health" time="0.343" /><testcase classname="tests.test_referral_rewards" name="test_public_settings_exposes_new_fields" time="0.249" /><testcase classname="tests.test_health_regression" name="test_root_api_endpoint" time="0.124" /><testcase classname="tests.test_health_regression" name="test_admin_login_returns_token" time="0.464" /><testcase classname="tests.test_health_regression" name="test_protected_route_without_auth_returns_401" time="0.141" /><testcase classname="tests.test_referral_rewards" name="test_products_endpoint" time="1.696" /><testcase classname="tests.test_health_regression" name="test_products_or_plans_list" time="1.249" /><testcase classname="tests.test_health_regression" name="test_wallet_balance" time="0.715" /><testcase classname="tests.test_referral_rewards" name="test_admin_settings_has_new_fields" time="0.779" /><testcase classname="tests.test_referral_rewards" name="test_admin_can_update_channel_urls_and_levels" time="1.370" /><testcase classname="tests.test_health_regression" name="test_admin_shpay_health" time="0.442"><failure message="AssertionError: 500 Internal Server Error&#10;assert 500 == 200&#10; +  where 500 = &lt;Response [500]&gt;.status_code">backend/tests/test_health_regression.py:97: in test_admin_shpay_health
    assert r.status_code == 200, f"{r.status_code} {r.text[:300]}"
E   AssertionError: 500 Internal Server Error
E   assert 500 == 200
E    +  where 500 = &lt;Response [500]&gt;.status_code</failure></testcase><testcase classname="tests.test_health_regression" name="test_admin_deposits_list" time="0.664" /><testcase classname="tests.test_health_regression" name="test_admin_route_without_auth_returns_401" time="0.134" /><testcase classname="tests.test_deposit_gateway_labeling" name="test_health" time="0.110" /><testcase classname="tests.test_referral_rewards" name="test_referrals_rewards_shape" time="0.433" /><testcase classname="tests.test_deposit_gateway_labeling" name="test_public_settings" time="0.287" /><testcase classname="tests.test_referral_rewards" name="test_claim_unknown_level_returns_404" time="0.460" /><testcase classname="tests.test_deposit_gateway_labeling" name="test_products_seeded" time="0.999" /><testcase classname="tests.test_referral_rewards" name="test_claim_under_threshold_returns_400" time="0.399" /><testcase classname="tests.test_referral_rewards" name="test_claim_ignite_flow" time="1.119"><skipped type="pytest.skip" message="Ignite already claimed on this seeded account — verified duplicate rejection.">/app/backend/tests/test_referral_rewards.py:168: Ignite already claimed on this seeded account — verified duplicate rejection.</skipped></testcase><testcase classname="tests.test_deposit_gateway_labeling" name="test_deposit_gateway_label_set_at_creation[paynow]" time="3.489" /><testcase classname="tests.test_deposit_gateway_labeling" name="test_deposit_gateway_label_set_at_creation[shpay]" time="14.045" /><testcase classname="tests.test_deposit_gateway_labeling" name="test_deposit_gateway_label_set_at_creation[onesspay]" time="4.291" /><testcase classname="tests.test_deposit_gateway_labeling" name="test_deposit_gateway_label_set_at_creation[juntbest]" time="2.712" /><testcase classname="tests.test_deposit_gateway_labeling" name="test_no_historical_mislabeled_deposits" time="0.424" /><testcase classname="tests.test_deposit_gateway_labeling" name="test_admin_deposits_row_shape" time="0.423" /></testsuite></testsuites>