<?xml version="1.0" encoding="utf-8"?><testsuites name="pytest tests"><testsuite name="pytest" errors="0" failures="0" skipped="0" tests="9" time="13.184" timestamp="2026-08-04T15:02:08.312415+00:00" hostname="agent-env-143dfa90-6e7d-4fbc-a3ed-74f9ee0c779a"><testcase classname="tests.test_force_logout_and_settings_tabs.TestForceLogoutAll" name="test_full_force_logout_flow" time="7.811" /><testcase classname="tests.test_force_logout_and_settings_tabs.TestForceLogoutAll" name="test_logout_all_requires_admin" time="1.329" /><testcase classname="tests.test_force_logout_and_settings_tabs.TestSettingsRoundTrip" name="test_put_settings_all_new_tab_fields_roundtrip" time="0.710" /><testcase classname="tests.test_force_logout_and_settings_tabs.TestRegressionEndpoints" name="test_health" time="0.157" /><testcase classname="tests.test_force_logout_and_settings_tabs.TestRegressionEndpoints" name="test_settings_public" time="0.257" /><testcase classname="tests.test_force_logout_and_settings_tabs.TestRegressionEndpoints" name="test_admin_deposits" time="0.674" /><testcase classname="tests.test_force_logout_and_settings_tabs.TestRegressionEndpoints" name="test_referrals_rewards" time="1.049" /><testcase classname="tests.test_force_logout_and_settings_tabs.TestRegressionEndpoints" name="test_admin_server_ip" time="0.187" /><testcase classname="tests.test_force_logout_and_settings_tabs.TestRegressionEndpoints" name="test_profile_pendant_user" time="0.934" /></testsuite></testsuites>