<?xml version="1.0" encoding="utf-8"?><testsuites name="pytest tests"><testsuite name="pytest" errors="0" failures="0" skipped="0" tests="7" time="5.715" timestamp="2026-08-04T14:13:03.664105+00:00" hostname="agent-env-143dfa90-6e7d-4fbc-a3ed-74f9ee0c779a"><testcase classname="tests.test_server_ip" name="test_server_ip_returns_expected_ip" time="0.872" /><testcase classname="tests.test_server_ip" name="test_server_ip_is_stable_across_10_calls" time="1.832" /><testcase classname="tests.test_server_ip" name="test_admin_deposits" time="0.680" /><testcase classname="tests.test_server_ip" name="test_admin_settings" time="0.291" /><testcase classname="tests.test_server_ip" name="test_admin_users" time="0.297" /><testcase classname="tests.test_server_ip" name="test_public_settings_unchanged" time="0.348" /><testcase classname="tests.test_server_ip" name="test_referral_rewards_endpoint" time="0.873" /></testsuite></testsuites>