<?xml version="1.0" encoding="utf-8"?><testsuites name="pytest tests"><testsuite name="pytest" errors="0" failures="0" skipped="0" tests="12" time="14.013" timestamp="2026-08-04T15:52:48.091346+00:00" hostname="agent-env-143dfa90-6e7d-4fbc-a3ed-74f9ee0c779a"><testcase classname="tests.test_milestone_and_coupon_history" name="test_newly_unlocked_after_reset" time="3.286" /><testcase classname="tests.test_milestone_and_coupon_history" name="test_acknowledge_returns_ack_list" time="0.778" /><testcase classname="tests.test_milestone_and_coupon_history" name="test_newly_unlocked_empty_after_acknowledge" time="0.664" /><testcase classname="tests.test_milestone_and_coupon_history" name="test_acknowledge_idempotent" time="1.432" /><testcase classname="tests.test_milestone_and_coupon_history" name="test_coupon_history_shape" time="0.885" /><testcase classname="tests.test_milestone_and_coupon_history" name="test_coupon_history_full_content" time="0.885" /><testcase classname="tests.test_milestone_and_coupon_history" name="test_coupon_history_pagination" time="0.941" /><testcase classname="tests.test_milestone_and_coupon_history" name="test_health" time="0.673" /><testcase classname="tests.test_milestone_and_coupon_history" name="test_settings_public" time="0.769" /><testcase classname="tests.test_milestone_and_coupon_history" name="test_daily_coupon" time="0.663" /><testcase classname="tests.test_milestone_and_coupon_history" name="test_withdrawal_window" time="0.551" /><testcase classname="tests.test_milestone_and_coupon_history" name="test_new_user_empty_history" time="2.335" /></testsuite></testsuites>