<?xml version="1.0" encoding="utf-8"?><testsuites name="pytest tests"><testsuite name="pytest" errors="0" failures="0" skipped="0" tests="9" time="4.774" timestamp="2026-07-29T12:04:46.572111+00:00" hostname="agent-env-efd84d23-3485-4d16-871a-e83d97dd9ebf"><testcase classname="tests.test_health_regression" name="test_health_endpoint" time="0.272" /><testcase classname="tests.test_health_regression" name="test_root_api_endpoint" time="0.151" /><testcase classname="tests.test_health_regression" name="test_admin_login_returns_token" time="0.360" /><testcase classname="tests.test_health_regression" name="test_protected_route_without_auth_returns_401" time="0.098" /><testcase classname="tests.test_health_regression" name="test_products_or_plans_list" time="0.433" /><testcase classname="tests.test_health_regression" name="test_wallet_balance" time="0.194" /><testcase classname="tests.test_health_regression" name="test_admin_shpay_health" time="2.516" /><testcase classname="tests.test_health_regression" name="test_admin_deposits_list" time="0.058" /><testcase classname="tests.test_health_regression" name="test_admin_route_without_auth_returns_401" time="0.135" /></testsuite></testsuites>