<?xml version="1.0" encoding="utf-8"?><testsuites name="pytest tests"><testsuite name="pytest" errors="0" failures="1" skipped="0" tests="9" time="19.585" timestamp="2026-08-04T13:10:07.400967+00:00" hostname="agent-env-143dfa90-6e7d-4fbc-a3ed-74f9ee0c779a"><testcase classname="tests.test_deposit_gateway_labeling" name="test_health" time="0.307" /><testcase classname="tests.test_deposit_gateway_labeling" name="test_public_settings" time="0.228" /><testcase classname="tests.test_deposit_gateway_labeling" name="test_products_seeded" time="0.123"><failure message="assert 401 == 200&#10; +  where 401 = &lt;Response [401]&gt;.status_code">backend/tests/test_deposit_gateway_labeling.py:80: in test_products_seeded
    assert r.status_code == 200
E   assert 401 == 200
E    +  where 401 = &lt;Response [401]&gt;.status_code</failure></testcase><testcase classname="tests.test_deposit_gateway_labeling" name="test_deposit_gateway_label_set_at_creation[paynow]" time="4.048" /><testcase classname="tests.test_deposit_gateway_labeling" name="test_deposit_gateway_label_set_at_creation[shpay]" time="6.426" /><testcase classname="tests.test_deposit_gateway_labeling" name="test_deposit_gateway_label_set_at_creation[onesspay]" time="4.402" /><testcase classname="tests.test_deposit_gateway_labeling" name="test_deposit_gateway_label_set_at_creation[juntbest]" time="2.724" /><testcase classname="tests.test_deposit_gateway_labeling" name="test_no_historical_mislabeled_deposits" time="0.408" /><testcase classname="tests.test_deposit_gateway_labeling" name="test_admin_deposits_row_shape" time="0.410" /></testsuite></testsuites>