<?xml version="1.0" encoding="utf-8"?><testsuites name="pytest tests"><testsuite name="pytest" errors="0" failures="1" skipped="0" tests="13" time="8.352" timestamp="2026-08-05T08:32:38.931679+00:00" hostname="agent-env-143dfa90-6e7d-4fbc-a3ed-74f9ee0c779a"><testcase classname="tests.test_perf_products_and_deposit_ip" name="test_products_payload_size_small" time="1.539" /><testcase classname="tests.test_perf_products_and_deposit_ip" name="test_products_full_true_admin_has_base64" time="0.881" /><testcase classname="tests.test_perf_products_and_deposit_ip" name="test_product_image_endpoint_no_auth" time="0.618" /><testcase classname="tests.test_perf_products_and_deposit_ip" name="test_product_image_404_for_unknown" time="0.246" /><testcase classname="tests.test_perf_products_and_deposit_ip" name="test_investments_payload_uses_rewritten_url" time="0.593" /><testcase classname="tests.test_perf_products_and_deposit_ip" name="test_admin_put_products_ignores_served_url" time="1.000" /><testcase classname="tests.test_perf_products_and_deposit_ip" name="test_deposit_error_path_fast_and_ip" time="0.372"><failure message="assert (True and 0 &gt;= 1)&#10; +  where True = isinstance([], list)&#10; +  and   0 = len([])">backend/tests/test_perf_products_and_deposit_ip.py:161: in test_deposit_error_path_fast_and_ip
    assert isinstance(accounts, list) and len(accounts) &gt;= 1
E   assert (True and 0 &gt;= 1)
E    +  where True = isinstance([], list)
E    +  and   0 = len([])</failure></testcase><testcase classname="tests.test_perf_products_and_deposit_ip" name="test_public_endpoints[/api/health]" time="0.119" /><testcase classname="tests.test_perf_products_and_deposit_ip" name="test_public_endpoints[/api/settings/public]" time="0.228" /><testcase classname="tests.test_perf_products_and_deposit_ip" name="test_authed_regression_endpoints[/api/coupons/daily]" time="0.373" /><testcase classname="tests.test_perf_products_and_deposit_ip" name="test_authed_regression_endpoints[/api/coupons/history]" time="0.708" /><testcase classname="tests.test_perf_products_and_deposit_ip" name="test_authed_regression_endpoints[/api/referrals/rewards]" time="0.485" /><testcase classname="tests.test_perf_products_and_deposit_ip" name="test_admin_regression_endpoints" time="0.553" /></testsuite></testsuites>