<?xml version="1.0" encoding="utf-8"?><testsuites name="pytest tests"><testsuite name="pytest" errors="0" failures="0" skipped="0" tests="11" time="6.943" timestamp="2026-08-05T09:02:12.224949+00:00" hostname="agent-env-143dfa90-6e7d-4fbc-a3ed-74f9ee0c779a"><testcase classname="tests.test_juntpay_fix.TestOtherEndpoints" name="test_health" time="0.175" /><testcase classname="tests.test_juntpay_fix" name="test_env_waycode_is_bank_transfer" time="0.000" /><testcase classname="tests.test_juntpay_fix" name="test_config_default_is_bank_transfer" time="0.065" /><testcase classname="tests.test_juntpay_fix" name="test_create_payout_direct_probe" time="1.183" /><testcase classname="tests.test_juntpay_fix.TestOtherEndpoints" name="test_settings_public" time="0.207" /><testcase classname="tests.test_juntpay_fix.TestOtherEndpoints" name="test_products_fast_and_small" time="1.513" /><testcase classname="tests.test_juntpay_fix" name="test_retry_logic_exists" time="0.000" /><testcase classname="tests.test_juntpay_fix" name="test_retry_5x_calls_no_403_leak" time="5.136" /><testcase classname="tests.test_juntpay_fix.TestOtherEndpoints" name="test_admin_server_ip_deterministic" time="0.108" /><testcase classname="tests.test_juntpay_fix.TestWithdrawalFlow" name="test_user_can_login" time="0.434" /><testcase classname="tests.test_juntpay_fix.TestWithdrawalFlow" name="test_withdrawal_end_to_end" time="3.719" /></testsuite></testsuites>