<?xml version="1.0" encoding="utf-8"?><testsuites name="pytest tests"><testsuite name="pytest" errors="0" failures="0" skipped="0" tests="36" time="29.115" timestamp="2026-07-27T11:55:57.256325+00:00" hostname="agent-env-efd84d23-3485-4d16-871a-e83d97dd9ebf"><testcase classname="tests.backend_test.TestAuth" name="test_admin_login_returns_admin_role_and_cookies" time="0.339" /><testcase classname="tests.backend_test.TestAuth" name="test_register_normalizes_local_phone_and_credits_welcome_bonus" time="0.851" /><testcase classname="tests.backend_test.TestPaynowVerifyReconcile" name="test_verify_non_paynow_returns_400" time="1.298" /><testcase classname="tests.backend_test.TestPaynowVerifyReconcile" name="test_verify_already_processed_returns_400" time="0.647" /><testcase classname="tests.backend_test.TestPaynowVerifyReconcile" name="test_verify_paynow_pending_returns_502_or_ok_false" time="0.932" /><testcase classname="tests.backend_test.TestAuth" name="test_register_with_referral_links_referred_by" time="1.524" /><testcase classname="tests.backend_test.TestAuth" name="test_me_endpoint_returns_current_user" time="0.104" /><testcase classname="tests.backend_test.TestAuth" name="test_bearer_auth_accepted_when_cookie_missing" time="0.100" /><testcase classname="tests.backend_test.TestPaynowVerifyReconcile" name="test_verify_nonexistent_deposit_404" time="0.105" /><testcase classname="tests.backend_test.TestAuth" name="test_login_bad_password" time="15.333" /><testcase classname="tests.backend_test.TestPaynowVerifyReconcile" name="test_verify_requires_admin" time="15.271" /><testcase classname="tests.backend_test.TestAdminEmailLogin" name="test_login_with_email_admin" time="0.338" /><testcase classname="tests.backend_test.TestPaynowVerifyReconcile" name="test_reconcile_endpoint_admin_only" time="0.981" /><testcase classname="tests.backend_test.TestAdminEmailLogin" name="test_login_email_case_insensitive" time="0.321" /><testcase classname="tests.backend_test.TestAdminEmailLogin" name="test_login_phone_still_works_same_user" time="0.326" /><testcase classname="tests.backend_test.TestPaynowVerifyReconcile" name="test_reconcile_requires_admin" time="0.101" /><testcase classname="tests.backend_test.TestAdminEmailLogin" name="test_login_wrong_password_401" time="0.377" /><testcase classname="tests.backend_test.TestInvestmentFlow" name="test_withdraw_blocked_before_invest" time="0.236" /><testcase classname="tests.backend_test.TestInvestmentFlow" name="test_coupon_redeem_blocked_before_invest" time="0.212" /><testcase classname="tests.backend_test.TestAdminEmailLogin" name="test_login_missing_identifier_400" time="0.097" /><testcase classname="tests.backend_test.TestAdminEmailLogin" name="test_me_after_email_login_returns_admin" time="0.424" /><testcase classname="tests.backend_test.TestInvestmentFlow" name="test_invest_insufficient_balance" time="0.360" /><testcase classname="tests.backend_test.TestProducts" name="test_list_products_user" time="0.339" /><testcase classname="tests.backend_test.TestProducts" name="test_admin_can_crud_products" time="0.297" /><testcase classname="tests.backend_test.TestProducts" name="test_non_admin_cannot_access_admin" time="0.192" /><testcase classname="tests.backend_test.TestInvestmentFlow" name="test_full_invest_flow_with_referral_and_admin_credit" time="1.114" /><testcase classname="tests.backend_test.TestSettingsReferralsStats" name="test_admin_settings_update" time="0.117" /><testcase classname="tests.backend_test.TestSettingsReferralsStats" name="test_referrals_endpoint_shape" time="0.105" /><testcase classname="tests.backend_test.TestSettingsReferralsStats" name="test_admin_stats" time="0.142" /><testcase classname="tests.backend_test.TestDepositWithdrawalFlow" name="test_deposit_pending_approve_and_reject" time="0.845" /><testcase classname="tests.backend_test.TestPaynowBanks" name="test_user_paynow_banks_returns_full_list" time="3.163" /><testcase classname="tests.backend_test.TestDepositWithdrawalFlow" name="test_withdrawal_hold_and_reject_refund" time="0.737" /><testcase classname="tests.backend_test.TestDepositWithdrawalFlow" name="test_withdrawal_approve_flow" time="0.305" /><testcase classname="tests.backend_test.TestPaymentAccounts" name="test_crud_and_user_visibility" time="0.639" /><testcase classname="tests.backend_test.TestPaynowBanks" name="test_admin_paynow_banks_matches" time="3.375" /><testcase classname="tests.backend_test.TestCoupons" name="test_coupon_lifecycle" time="0.704" /></testsuite></testsuites>