<?xml version="1.0" encoding="utf-8"?><testsuites name="pytest tests"><testsuite name="pytest" errors="0" failures="0" skipped="0" tests="40" time="47.411" timestamp="2026-07-27T12:37:33.864727+00:00" hostname="agent-env-efd84d23-3485-4d16-871a-e83d97dd9ebf"><testcase classname="tests.backend_test.TestAuth" name="test_admin_login_returns_admin_role_and_cookies" time="0.460" /><testcase classname="tests.backend_test.TestAuth" name="test_register_normalizes_local_phone_and_credits_welcome_bonus" time="0.775" /><testcase classname="tests.backend_test.TestPaynowVerifyReconcile" name="test_verify_non_paynow_returns_400" time="1.890" /><testcase classname="tests.backend_test.TestPaynowVerifyReconcile" name="test_verify_already_processed_returns_400" time="0.446" /><testcase classname="tests.backend_test.TestPaynowVerifyReconcile" name="test_verify_paynow_pending_returns_502_or_ok_false" time="0.923" /><testcase classname="tests.backend_test.TestAuth" name="test_register_with_referral_links_referred_by" time="1.452" /><testcase classname="tests.backend_test.TestAuth" name="test_me_endpoint_returns_current_user" time="0.110" /><testcase classname="tests.backend_test.TestAuth" name="test_bearer_auth_accepted_when_cookie_missing" time="0.110" /><testcase classname="tests.backend_test.TestAuth" name="test_login_bad_password" time="0.348" /><testcase classname="tests.backend_test.TestAdminEmailLogin" name="test_login_with_email_admin" time="0.400" /><testcase classname="tests.backend_test.TestPaynowVerifyReconcile" name="test_verify_nonexistent_deposit_404" time="0.099" /><testcase classname="tests.backend_test.TestPaynowVerifyReconcile" name="test_verify_requires_admin" time="0.259" /><testcase classname="tests.backend_test.TestPaynowVerifyReconcile" name="test_reconcile_endpoint_admin_only" time="0.685" /><testcase classname="tests.backend_test.TestAdminEmailLogin" name="test_login_email_case_insensitive" time="0.325" /><testcase classname="tests.backend_test.TestAdminEmailLogin" name="test_login_phone_still_works_same_user" time="0.317" /><testcase classname="tests.backend_test.TestAdminEmailLogin" name="test_login_wrong_password_401" time="0.326" /><testcase classname="tests.backend_test.TestPaynowVerifyReconcile" name="test_reconcile_requires_admin" time="0.101" /><testcase classname="tests.backend_test.TestInvestmentFlow" name="test_withdraw_blocked_before_invest" time="0.224" /><testcase classname="tests.backend_test.TestAdminEmailLogin" name="test_login_missing_identifier_400" time="0.101" /><testcase classname="tests.backend_test.TestInvestmentFlow" name="test_coupon_redeem_blocked_before_invest" time="15.264" /><testcase classname="tests.backend_test.TestAdminEmailLogin" name="test_me_after_email_login_returns_admin" time="15.511" /><testcase classname="tests.backend_test.TestInvestmentFlow" name="test_invest_insufficient_balance" time="15.707" /><testcase classname="tests.backend_test.TestProducts" name="test_list_products_user" time="15.125" /><testcase classname="tests.backend_test.TestProducts" name="test_admin_can_crud_products" time="0.573" /><testcase classname="tests.backend_test.TestProducts" name="test_non_admin_cannot_access_admin" time="0.198" /><testcase classname="tests.backend_test.TestSettingsReferralsStats" name="test_admin_settings_update" time="0.094" /><testcase classname="tests.backend_test.TestSettingsReferralsStats" name="test_referrals_endpoint_shape" time="0.100" /><testcase classname="tests.backend_test.TestSettingsReferralsStats" name="test_admin_stats" time="0.106" /><testcase classname="tests.backend_test.TestInvestmentFlow" name="test_full_invest_flow_with_referral_and_admin_credit" time="1.090" /><testcase classname="tests.backend_test.TestPaynowBanks" name="test_user_paynow_banks_returns_curated_list" time="3.221" /><testcase classname="tests.backend_test.TestDepositWithdrawalFlow" name="test_deposit_pending_approve_and_reject" time="0.814" /><testcase classname="tests.backend_test.TestDepositWithdrawalFlow" name="test_withdrawal_hold_and_reject_refund" time="0.752" /><testcase classname="tests.backend_test.TestDepositWithdrawalFlow" name="test_withdrawal_approve_flow" time="0.313" /><testcase classname="tests.backend_test.TestPaynowVerifyAccount" name="test_verify_account_happy_path" time="3.824" /><testcase classname="tests.backend_test.TestPaynowBanks" name="test_user_paynow_banks_all_true_returns_full_list" time="3.009" /><testcase classname="tests.backend_test.TestPaynowVerifyAccount" name="test_verify_account_missing_fields_422" time="0.096" /><testcase classname="tests.backend_test.TestPaynowVerifyAccount" name="test_verify_account_requires_auth" time="0.102" /><testcase classname="tests.backend_test.TestPaymentAccounts" name="test_crud_and_user_visibility" time="0.643" /><testcase classname="tests.backend_test.TestPaynowBanks" name="test_admin_paynow_banks_matches" time="3.490" /><testcase classname="tests.backend_test.TestCoupons" name="test_coupon_lifecycle" time="0.628" /></testsuite></testsuites>