<?xml version="1.0" encoding="utf-8"?><testsuites name="pytest tests"><testsuite name="pytest" errors="0" failures="0" skipped="0" tests="11" time="5.745" timestamp="2026-07-28T07:31:54.846690+00:00" hostname="agent-env-efd84d23-3485-4d16-871a-e83d97dd9ebf"><testcase classname="tests.test_shpay_integration.TestShpayUserEndpoints" name="test_shpay_status" time="1.899" /><testcase classname="tests.test_shpay_integration.TestRegressionPayNow" name="test_paynow_banks" time="1.423" /><testcase classname="tests.test_shpay_integration.TestRegressionPayNow" name="test_auth_me" time="0.054" /><testcase classname="tests.test_shpay_integration.TestRegressionPayNow" name="test_register_fresh" time="0.383" /><testcase classname="tests.test_shpay_integration.TestRegressionPayNow" name="test_deposit_paynow_auto" time="0.207" /><testcase classname="tests.test_shpay_integration.TestShpayUserEndpoints" name="test_shpay_banks" time="1.013" /><testcase classname="tests.test_shpay_integration.TestShpayAdminHealth" name="test_admin_shpay_health" time="2.041" /><testcase classname="tests.test_shpay_integration.TestShpayWebhook" name="test_webhook_invalid_sign" time="0.124" /><testcase classname="tests.test_shpay_integration.TestShpayWebhook" name="test_webhook_valid_sign_unknown_order" time="0.105" /><testcase classname="tests.test_shpay_integration.TestDepositShpayAuto" name="test_deposit_shpay_auto_graceful" time="0.945" /><testcase classname="tests.test_shpay_integration.TestShpayPayout404" name="test_shpay_payout_nonexistent" time="0.051" /></testsuite></testsuites>