<?xml version="1.0" encoding="utf-8"?><testsuites name="pytest tests"><testsuite name="pytest" errors="0" failures="0" skipped="0" tests="4" time="0.978" timestamp="2026-07-27T22:15:37.735095+00:00" hostname="agent-env-efd84d23-3485-4d16-871a-e83d97dd9ebf"><testcase classname="tests.test_welcome_bonus" name="test_register_credits_wallet" time="0.528" /><testcase classname="tests.test_welcome_bonus" name="test_me_reflects_welcome_bonus" time="0.107" /><testcase classname="tests.test_welcome_bonus" name="test_welcome_bonus_transaction_exists" time="0.143" /><testcase classname="tests.test_welcome_bonus" name="test_withdrawal_still_gated_for_new_user" time="0.150" /></testsuite></testsuites>